\BOOKMARK [1][-]{section.1}{\376\377\000C\000h\000a\000p\000t\000e\000r\000\040\0003\000:\000\040\000T\000r\000a\000n\000s\000p\000o\000r\000t\000\040\000L\000a\000y\000e\000r}{}% 1
\BOOKMARK [2][-]{subsection.1.1}{\376\377\000T\000C\000P}{section.1}% 2
\BOOKMARK [1][-]{section.2}{\376\377\000C\000h\000a\000p\000t\000e\000r\000\040\0004\000:\000\040\000N\000e\000t\000w\000o\000r\000k\000\040\000L\000a\000y\000e\000r\000\040\000\050\000D\000a\000t\000a\000\040\000P\000l\000a\000n\000e\000\051}{}% 3
\BOOKMARK [2][-]{subsection.2.1}{\376\377\000R\000o\000u\000t\000e\000r}{section.2}% 4
\BOOKMARK [2][-]{subsection.2.2}{\376\377\000I\000n\000t\000e\000r\000n\000e\000t\000\040\000P\000r\000o\000t\000o\000c\000o\000l\000\040\000\050\000I\000P\000\051}{section.2}% 5
\BOOKMARK [3][-]{subsubsection.2.2.1}{\376\377\000S\000u\000b\000n\000e\000t\000s}{subsection.2.2}% 6
\BOOKMARK [3][-]{subsubsection.2.2.2}{\376\377\000D\000H\000C\000P}{subsection.2.2}% 7
\BOOKMARK [3][-]{subsubsection.2.2.3}{\376\377\000N\000A\000T}{subsection.2.2}% 8
\BOOKMARK [3][-]{subsubsection.2.2.4}{\376\377\000I\000P\000v\0004}{subsection.2.2}% 9
\BOOKMARK [3][-]{subsubsection.2.2.5}{\376\377\000I\000P\000v\0006}{subsection.2.2}% 10
\BOOKMARK [2][-]{subsection.2.3}{\376\377\000G\000e\000n\000e\000r\000a\000l\000i\000z\000e\000d\000\040\000F\000o\000r\000w\000a\000r\000d\000i\000n\000g\000\040\000a\000n\000d\000\040\000S\000o\000f\000t\000w\000a\000r\000e\000-\000D\000e\000f\000i\000n\000e\000d\000\040\000N\000e\000t\000w\000o\000r\000k\000i\000n\000g}{section.2}% 11
\BOOKMARK [1][-]{section.3}{\376\377\000C\000h\000a\000p\000t\000e\000r\000\040\0005\000:\000\040\000N\000e\000t\000w\000o\000r\000k\000\040\000L\000a\000y\000e\000r\000\040\000\050\000C\000o\000n\000t\000r\000o\000l\000\040\000P\000l\000a\000n\000e\000\051}{}% 12
\BOOKMARK [2][-]{subsection.3.1}{\376\377\000R\000o\000u\000t\000i\000n\000g\000\040\000A\000l\000g\000o\000r\000i\000t\000h\000m\000s}{section.3}% 13
\BOOKMARK [3][-]{subsubsection.3.1.1}{\376\377\000L\000i\000n\000k\000\040\000S\000t\000a\000t\000e\000:\000\040\000D\000i\000j\000k\000s\000t\000r\000a\000\040\000A\000l\000g\000o\000r\000i\000t\000h\000m}{subsection.3.1}% 14
\BOOKMARK [3][-]{subsubsection.3.1.2}{\376\377\000D\000i\000s\000t\000a\000n\000c\000e\000\040\000V\000e\000c\000t\000o\000r\000\040\000\050\000D\000V\000\051\000:\000\040\000B\000e\000l\000l\000m\000a\000n\000-\000F\000o\000r\000d\000\040\000E\000q\000u\000a\000t\000i\000o\000n}{subsection.3.1}% 15
\BOOKMARK [3][-]{subsubsection.3.1.3}{\376\377\000C\000o\000n\000c\000l\000u\000s\000i\000o\000n\000\040\000b\000e\000t\000w\000e\000e\000n\000\040\000L\000S\000\040\000a\000n\000d\000\040\000D\000V}{subsection.3.1}% 16
\BOOKMARK [2][-]{subsection.3.2}{\376\377\000I\000n\000t\000r\000a\000-\000A\000S\000\040\000R\000o\000u\000t\000i\000n\000g}{section.3}% 17
\BOOKMARK [3][-]{subsubsection.3.2.1}{\376\377\000O\000p\000e\000n\000\040\000S\000h\000o\000r\000t\000e\000s\000t\000\040\000P\000a\000t\000h\000\040\000F\000i\000r\000s\000t\000\040\000\050\000O\000S\000P\000F\000\051}{subsection.3.2}% 18
\BOOKMARK [2][-]{subsection.3.3}{\376\377\000I\000n\000t\000e\000r\000-\000A\000S\000\040\000R\000o\000u\000t\000i\000n\000g}{section.3}% 19
\BOOKMARK [3][-]{subsubsection.3.3.1}{\376\377\000B\000o\000r\000d\000e\000r\000\040\000G\000a\000t\000e\000w\000a\000y\000\040\000P\000r\000o\000t\000o\000c\000o\000l\000\040\000\050\000B\000G\000P\000\051}{subsection.3.3}% 20
\BOOKMARK [1][-]{section.4}{\376\377\000C\000h\000a\000p\000t\000e\000r\000\040\0006\000:\000\040\000L\000i\000n\000k\000\040\000L\000a\000y\000e\000r}{}% 21
\BOOKMARK [2][-]{subsection.4.1}{\376\377\000O\000v\000e\000r\000v\000i\000e\000w}{section.4}% 22
\BOOKMARK [2][-]{subsection.4.2}{\376\377\000E\000r\000r\000o\000r\000\040\000D\000e\000t\000e\000c\000t\000i\000o\000n\000\040\000a\000n\000d\000\040\000C\000o\000r\000r\000e\000c\000t\000i\000o\000n\000\040\000\050\000E\000D\000C\000\051}{section.4}% 23
\BOOKMARK [2][-]{subsection.4.3}{\376\377\000M\000A\000C\000\040\000P\000r\000o\000t\000o\000c\000o\000l\000s}{section.4}% 24
\BOOKMARK [3][-]{subsubsection.4.3.1}{\376\377\000C\000h\000a\000n\000n\000e\000l\000\040\000P\000a\000r\000t\000i\000t\000i\000o\000n\000i\000n\000g}{subsection.4.3}% 25
\BOOKMARK [3][-]{subsubsection.4.3.2}{\376\377\000R\000a\000n\000d\000o\000m\000\040\000A\000c\000c\000e\000s\000s}{subsection.4.3}% 26
\BOOKMARK [3][-]{subsubsection.4.3.3}{\376\377\000T\000a\000k\000i\000n\000g\000\040\000t\000u\000r\000n\000s}{subsection.4.3}% 27
\BOOKMARK [2][-]{subsection.4.4}{\376\377\000L\000o\000c\000a\000l\000\040\000A\000r\000e\000a\000\040\000N\000e\000t\000w\000o\000r\000k\000s\000\040\000\050\000L\000A\000N\000\051}{section.4}% 28
\BOOKMARK [3][-]{subsubsection.4.4.1}{\376\377\000A\000d\000d\000r\000e\000s\000s\000i\000n\000g}{subsection.4.4}% 29
\BOOKMARK [3][-]{subsubsection.4.4.2}{\376\377\000E\000t\000h\000e\000r\000n\000e\000t\000\040\000a\000n\000d\000\040\000S\000w\000i\000t\000c\000h\000e\000s}{subsection.4.4}% 30
